UERANSIM v3.2.7
[2025-12-04 04:55:36.440] [nas] [info] UE switches to state [MM-DEREGISTERED/PLMN-SEARCH]
[2025-12-04 04:55:36.440] [rrc] [debug] New signal detected for cell[1], total [1] cells in coverage
[2025-12-04 04:55:36.440] [nas] [info] Selected plmn[208/93]
[2025-12-04 04:55:36.440] [rrc] [info] Selected cell plmn[208/93] tac[1] category[SUITABLE]
[2025-12-04 04:55:36.440] [nas] [info] UE switches to state [MM-DEREGISTERED/PS]
[2025-12-04 04:55:36.440] [nas] [info] UE switches to state [MM-DEREGISTERED/NORMAL-SERVICE]
[2025-12-04 04:55:36.440] [nas] [debug] Initial registration required due to [MM-DEREG-NORMAL-SERVICE]
[2025-12-04 04:55:36.440] [nas] [debug] UAC access attempt is allowed for identity[0], category[MO_sig]
[2025-12-04 04:55:36.440] [nas] [debug] Sending Initial Registration
[2025-12-04 04:55:36.440] [nas] [info] UE switches to state [MM-REGISTER-INITIATED]
[2025-12-04 04:55:36.440] [rrc] [debug] Sending RRC Setup Request
[2025-12-04 04:55:36.441] [rrc] [info] RRC connection established
[2025-12-04 04:55:36.441] [rrc] [info] UE switches to state [RRC-CONNECTED]
[2025-12-04 04:55:36.441] [nas] [info] UE switches to state [CM-CONNECTED]
[2025-12-04 04:55:36.472] [nas] [debug] Authentication Request received
[2025-12-04 04:55:36.472] [nas] [debug] Received SQN [000000000039]
[2025-12-04 04:55:36.472] [nas] [debug] SQN-MS [000000000000]
[2025-12-04 04:55:36.515] [nas] [debug] Security Mode Command received
[2025-12-04 04:55:36.516] [nas] [debug] Selected integrity[2] ciphering[0]
[2025-12-04 04:55:36.683] [nas] [debug] Registration accept received
[2025-12-04 04:55:36.683] [nas] [info] UE switches to state [MM-REGISTERED/NORMAL-SERVICE]
[2025-12-04 04:55:36.683] [nas] [debug] Sending Registration Complete
[2025-12-04 04:55:36.683] [nas] [info] Initial Registration is successful
[2025-12-04 04:55:36.683] [nas] [debug] Sending PDU Session Establishment Request
[2025-12-04 04:55:36.683] [nas] [debug] UAC access attempt is allowed for identity[0], category[MO_sig]
[2025-12-04 04:55:36.886] [nas] [debug] Configuration Update Command received
[2025-12-04 04:55:37.135] [nas] [debug] PDU Session Establishment Accept received
[2025-12-04 04:55:37.135] [nas] [info] PDU Session establishment is successful PSI[1]
[2025-12-04 04:55:37.169] [app] [info] Connection setup for PDU session[1] is successful, TUN interface[uesimtun0, 10.60.0.1] is up.
[2025-12-04 04:55:50.600] [rrc] [debug] Signal lost for cell[1], total [0] cells in coverage
[2025-12-04 04:55:50.600] [nas] [error] Radio link failure detected
[2025-12-04 04:55:50.601] [nas] [info] UE switches to state [CM-IDLE]
[2025-12-04 04:55:50.601] [nas] [info] UE switches to state [MM-REGISTERED/PS]
[2025-12-04 04:55:50.601] [nas] [info] UE switches to state [MM-REGISTERED/PLMN-SEARCH]
[2025-12-04 04:55:50.601] [nas] [error] PLMN selection failure, no cells in coverage
[2025-12-04 04:55:51.446] [rrc] [warning] Acceptable cell selection failed, no cell is in coverage
[2025-12-04 04:55:51.446] [rrc] [error] Cell selection failure, no suitable or acceptable cell found
[2025-12-04 04:55:52.955] [nas] [error] PLMN selection failure, no cells in coverage
[2025-12-04 04:55:55.157] [nas] [error] PLMN selection failure, no cells in coverage
[2025-12-04 04:55:56.258] [nas] [info] UE switches to state [MM-REGISTERED/NO-CELL-AVAILABLE]
[2025-12-04 04:56:21.458] [rrc] [warning] Acceptable cell selection failed, no cell is in coverage
[2025-12-04 04:56:21.458] [rrc] [error] Cell selection failure, no suitable or acceptable cell found
[2025-12-04 04:56:25.985] [nas] [error] PLMN selection failure, no cells in coverage
[2025-12-04 04:56:51.470] [rrc] [warning] Acceptable cell selection failed, no cell is in coverage
[2025-12-04 04:56:51.470] [rrc] [error] Cell selection failure, no suitable or acceptable cell found
[2025-12-04 04:56:56.813] [nas] [error] PLMN selection failure, no cells in coverage
[2025-12-04 04:57:21.482] [rrc] [warning] Acceptable cell selection failed, no cell is in coverage
[2025-12-04 04:57:21.482] [rrc] [error] Cell selection failure, no suitable or acceptable cell found
[2025-12-04 04:57:27.641] [nas] [error] PLMN selection failure, no cells in coverage
[2025-12-04 04:57:51.494] [rrc] [warning] Acceptable cell selection failed, no cell is in coverage
[2025-12-04 04:57:51.494] [rrc] [error] Cell selection failure, no suitable or acceptable cell found
[2025-12-04 04:57:58.469] [nas] [error] PLMN selection failure, no cells in coverage
[2025-12-04 04:58:21.506] [rrc] [warning] Acceptable cell selection failed, no cell is in coverage
[2025-12-04 04:58:21.506] [rrc] [error] Cell selection failure, no suitable or acceptable cell found
[2025-12-04 04:58:29.297] [nas] [error] PLMN selection failure, no cells in coverage
[2025-12-04 04:58:51.518] [rrc] [warning] Acceptable cell selection failed, no cell is in coverage
[2025-12-04 04:58:51.518] [rrc] [error] Cell selection failure, no suitable or acceptable cell found
[2025-12-04 04:59:00.125] [nas] [error] PLMN selection failure, no cells in coverage
[2025-12-04 04:59:21.530] [rrc] [warning] Acceptable cell selection failed, no cell is in coverage
[2025-12-04 04:59:21.530] [rrc] [error] Cell selection failure, no suitable or acceptable cell found
[2025-12-04 04:59:30.953] [nas] [error] PLMN selection failure, no cells in coverage
[2025-12-04 04:59:51.542] [rrc] [warning] Acceptable cell selection failed, no cell is in coverage
[2025-12-04 04:59:51.542] [rrc] [error] Cell selection failure, no suitable or acceptable cell found
[2025-12-04 05:00:01.781] [nas] [error] PLMN selection failure, no cells in coverage
[2025-12-04 05:00:21.554] [rrc] [warning] Acceptable cell selection failed, no cell is in coverage
[2025-12-04 05:00:21.554] [rrc] [error] Cell selection failure, no suitable or acceptable cell found
[2025-12-04 05:00:32.609] [nas] [error] PLMN selection failure, no cells in coverage
[2025-12-04 05:00:51.566] [rrc] [warning] Acceptable cell selection failed, no cell is in coverage
[2025-12-04 05:00:51.566] [rrc] [error] Cell selection failure, no suitable or acceptable cell found
[2025-12-04 05:01:03.437] [nas] [error] PLMN selection failure, no cells in coverage
[2025-12-04 05:01:21.578] [rrc] [warning] Acceptable cell selection failed, no cell is in coverage
[2025-12-04 05:01:21.578] [rrc] [error] Cell selection failure, no suitable or acceptable cell found
[2025-12-04 05:01:34.265] [nas] [error] PLMN selection failure, no cells in coverage
[2025-12-04 05:01:51.590] [rrc] [warning] Acceptable cell selection failed, no cell is in coverage
[2025-12-04 05:01:51.590] [rrc] [error] Cell selection failure, no suitable or acceptable cell found
[2025-12-04 05:02:05.093] [nas] [error] PLMN selection failure, no cells in coverage
[2025-12-04 05:02:21.602] [rrc] [warning] Acceptable cell selection failed, no cell is in coverage
[2025-12-04 05:02:21.602] [rrc] [error] Cell selection failure, no suitable or acceptable cell found
[2025-12-04 05:02:35.921] [nas] [error] PLMN selection failure, no cells in coverage
[2025-12-04 05:02:51.614] [rrc] [warning] Acceptable cell selection failed, no cell is in coverage
[2025-12-04 05:02:51.614] [rrc] [error] Cell selection failure, no suitable or acceptable cell found
[2025-12-04 05:03:06.749] [nas] [error] PLMN selection failure, no cells in coverage
[2025-12-04 05:03:21.626] [rrc] [warning] Acceptable cell selection failed, no cell is in coverage
[2025-12-04 05:03:21.626] [rrc] [error] Cell selection failure, no suitable or acceptable cell found
[2025-12-04 05:03:37.577] [nas] [error] PLMN selection failure, no cells in coverage
[2025-12-04 05:03:51.638] [rrc] [warning] Acceptable cell selection failed, no cell is in coverage
[2025-12-04 05:03:51.638] [rrc] [error] Cell selection failure, no suitable or acceptable cell found
[2025-12-04 05:04:08.405] [nas] [error] PLMN selection failure, no cells in coverage
[2025-12-04 05:04:21.650] [rrc] [warning] Acceptable cell selection failed, no cell is in coverage
[2025-12-04 05:04:21.650] [rrc] [error] Cell selection failure, no suitable or acceptable cell found
[2025-12-04 05:04:39.233] [nas] [error] PLMN selection failure, no cells in coverage
[2025-12-04 05:04:51.662] [rrc] [warning] Acceptable cell selection failed, no cell is in coverage
[2025-12-04 05:04:51.662] [rrc] [error] Cell selection failure, no suitable or acceptable cell found
[2025-12-04 05:05:10.061] [nas] [error] PLMN selection failure, no cells in coverage
[2025-12-04 05:05:21.674] [rrc] [warning] Acceptable cell selection failed, no cell is in coverage
[2025-12-04 05:05:21.674] [rrc] [error] Cell selection failure, no suitable or acceptable cell found
[2025-12-04 05:05:40.889] [nas] [error] PLMN selection failure, no cells in coverage
[2025-12-04 05:05:51.686] [rrc] [warning] Acceptable cell selection failed, no cell is in coverage
[2025-12-04 05:05:51.686] [rrc] [error] Cell selection failure, no suitable or acceptable cell found
[2025-12-04 05:06:11.717] [nas] [error] PLMN selection failure, no cells in coverage
[2025-12-04 05:06:21.698] [rrc] [warning] Acceptable cell selection failed, no cell is in coverage
[2025-12-04 05:06:21.698] [rrc] [error] Cell selection failure, no suitable or acceptable cell found
[2025-12-04 05:06:42.545] [nas] [error] PLMN selection failure, no cells in coverage
[2025-12-04 05:06:51.710] [rrc] [warning] Acceptable cell selection failed, no cell is in coverage
[2025-12-04 05:06:51.710] [rrc] [error] Cell selection failure, no suitable or acceptable cell found
[2025-12-04 05:07:13.373] [nas] [error] PLMN selection failure, no cells in coverage
[2025-12-04 05:07:21.722] [rrc] [warning] Acceptable cell selection failed, no cell is in coverage
[2025-12-04 05:07:21.722] [rrc] [error] Cell selection failure, no suitable or acceptable cell found
[2025-12-04 05:07:44.201] [nas] [error] PLMN selection failure, no cells in coverage
[2025-12-04 05:07:51.734] [rrc] [warning] Acceptable cell selection failed, no cell is in coverage
[2025-12-04 05:07:51.734] [rrc] [error] Cell selection failure, no suitable or acceptable cell found
[2025-12-04 05:08:15.029] [nas] [error] PLMN selection failure, no cells in coverage
[2025-12-04 05:08:21.746] [rrc] [warning] Acceptable cell selection failed, no cell is in coverage
[2025-12-04 05:08:21.746] [rrc] [error] Cell selection failure, no suitable or acceptable cell found
[2025-12-04 05:08:45.857] [nas] [error] PLMN selection failure, no cells in coverage
[2025-12-04 05:08:51.758] [rrc] [warning] Acceptable cell selection failed, no cell is in coverage
[2025-12-04 05:08:51.758] [rrc] [error] Cell selection failure, no suitable or acceptable cell found
[2025-12-04 05:09:16.685] [nas] [error] PLMN selection failure, no cells in coverage
[2025-12-04 05:09:21.770] [rrc] [warning] Acceptable cell selection failed, no cell is in coverage
[2025-12-04 05:09:21.770] [rrc] [error] Cell selection failure, no suitable or acceptable cell found
[2025-12-04 05:09:47.513] [nas] [error] PLMN selection failure, no cells in coverage
[2025-12-04 05:09:51.782] [rrc] [warning] Acceptable cell selection failed, no cell is in coverage
[2025-12-04 05:09:51.782] [rrc] [error] Cell selection failure, no suitable or acceptable cell found
[2025-12-04 05:10:18.341] [nas] [error] PLMN selection failure, no cells in coverage
[2025-12-04 05:10:21.794] [rrc] [warning] Acceptable cell selection failed, no cell is in coverage
[2025-12-04 05:10:21.794] [rrc] [error] Cell selection failure, no suitable or acceptable cell found
[2025-12-04 05:10:49.169] [nas] [error] PLMN selection failure, no cells in coverage
[2025-12-04 05:10:51.806] [rrc] [warning] Acceptable cell selection failed, no cell is in coverage
[2025-12-04 05:10:51.806] [rrc] [error] Cell selection failure, no suitable or acceptable cell found
[2025-12-04 05:11:19.997] [nas] [error] PLMN selection failure, no cells in coverage
[2025-12-04 05:11:21.818] [rrc] [warning] Acceptable cell selection failed, no cell is in coverage
[2025-12-04 05:11:21.818] [rrc] [error] Cell selection failure, no suitable or acceptable cell found
[2025-12-04 05:11:50.825] [nas] [error] PLMN selection failure, no cells in coverage
[2025-12-04 05:11:51.830] [rrc] [warning] Acceptable cell selection failed, no cell is in coverage
[2025-12-04 05:11:51.830] [rrc] [error] Cell selection failure, no suitable or acceptable cell found
[2025-12-04 05:12:21.653] [nas] [error] PLMN selection failure, no cells in coverage
[2025-12-04 05:12:21.842] [rrc] [warning] Acceptable cell selection failed, no cell is in coverage
[2025-12-04 05:12:21.842] [rrc] [error] Cell selection failure, no suitable or acceptable cell found
[2025-12-04 05:12:51.854] [rrc] [warning] Acceptable cell selection failed, no cell is in coverage
[2025-12-04 05:12:51.854] [rrc] [error] Cell selection failure, no suitable or acceptable cell found
[2025-12-04 05:12:52.481] [nas] [error] PLMN selection failure, no cells in coverage
[2025-12-04 05:13:21.866] [rrc] [warning] Acceptable cell selection failed, no cell is in coverage
[2025-12-04 05:13:21.866] [rrc] [error] Cell selection failure, no suitable or acceptable cell found
[2025-12-04 05:13:23.309] [nas] [error] PLMN selection failure, no cells in coverage
[2025-12-04 05:13:51.878] [rrc] [warning] Acceptable cell selection failed, no cell is in coverage
[2025-12-04 05:13:51.878] [rrc] [error] Cell selection failure, no suitable or acceptable cell found
[2025-12-04 05:13:54.137] [nas] [error] PLMN selection failure, no cells in coverage
[2025-12-04 05:14:21.890] [rrc] [warning] Acceptable cell selection failed, no cell is in coverage
[2025-12-04 05:14:21.890] [rrc] [error] Cell selection failure, no suitable or acceptable cell found
[2025-12-04 05:14:24.965] [nas] [error] PLMN selection failure, no cells in coverage
[2025-12-04 05:14:51.902] [rrc] [warning] Acceptable cell selection failed, no cell is in coverage
[2025-12-04 05:14:51.902] [rrc] [error] Cell selection failure, no suitable or acceptable cell found
[2025-12-04 05:14:55.793] [nas] [error] PLMN selection failure, no cells in coverage
[2025-12-04 05:15:21.914] [rrc] [warning] Acceptable cell selection failed, no cell is in coverage
[2025-12-04 05:15:21.914] [rrc] [error] Cell selection failure, no suitable or acceptable cell found
[2025-12-04 05:15:26.621] [nas] [error] PLMN selection failure, no cells in coverage
[2025-12-04 05:15:51.926] [rrc] [warning] Acceptable cell selection failed, no cell is in coverage
[2025-12-04 05:15:51.926] [rrc] [error] Cell selection failure, no suitable or acceptable cell found
[2025-12-04 05:15:57.449] [nas] [error] PLMN selection failure, no cells in coverage
[2025-12-04 05:16:21.938] [rrc] [warning] Acceptable cell selection failed, no cell is in coverage
[2025-12-04 05:16:21.938] [rrc] [error] Cell selection failure, no suitable or acceptable cell found
[2025-12-04 05:16:28.277] [nas] [error] PLMN selection failure, no cells in coverage
[2025-12-04 05:16:51.950] [rrc] [warning] Acceptable cell selection failed, no cell is in coverage
[2025-12-04 05:16:51.950] [rrc] [error] Cell selection failure, no suitable or acceptable cell found
[2025-12-04 05:16:59.105] [nas] [error] PLMN selection failure, no cells in coverage
[2025-12-04 05:17:21.962] [rrc] [warning] Acceptable cell selection failed, no cell is in coverage
[2025-12-04 05:17:21.962] [rrc] [error] Cell selection failure, no suitable or acceptable cell found
[2025-12-04 05:17:29.933] [nas] [error] PLMN selection failure, no cells in coverage
[2025-12-04 05:17:51.974] [rrc] [warning] Acceptable cell selection failed, no cell is in coverage
[2025-12-04 05:17:51.974] [rrc] [error] Cell selection failure, no suitable or acceptable cell found
[2025-12-04 05:18:00.761] [nas] [error] PLMN selection failure, no cells in coverage
[2025-12-04 05:18:21.986] [rrc] [warning] Acceptable cell selection failed, no cell is in coverage
[2025-12-04 05:18:21.986] [rrc] [error] Cell selection failure, no suitable or acceptable cell found
[2025-12-04 05:18:31.589] [nas] [error] PLMN selection failure, no cells in coverage
[2025-12-04 05:18:51.998] [rrc] [warning] Acceptable cell selection failed, no cell is in coverage
[2025-12-04 05:18:51.998] [rrc] [error] Cell selection failure, no suitable or acceptable cell found
[2025-12-04 05:19:02.417] [nas] [error] PLMN selection failure, no cells in coverage
[2025-12-04 05:19:22.010] [rrc] [warning] Acceptable cell selection failed, no cell is in coverage
[2025-12-04 05:19:22.010] [rrc] [error] Cell selection failure, no suitable or acceptable cell found
[2025-12-04 05:19:33.245] [nas] [error] PLMN selection failure, no cells in coverage
[2025-12-04 05:19:52.022] [rrc] [warning] Acceptable cell selection failed, no cell is in coverage
[2025-12-04 05:19:52.022] [rrc] [error] Cell selection failure, no suitable or acceptable cell found
[2025-12-04 05:20:04.073] [nas] [error] PLMN selection failure, no cells in coverage
[2025-12-04 05:20:22.034] [rrc] [warning] Acceptable cell selection failed, no cell is in coverage
[2025-12-04 05:20:22.034] [rrc] [error] Cell selection failure, no suitable or acceptable cell found
[2025-12-04 05:20:34.901] [nas] [error] PLMN selection failure, no cells in coverage
[2025-12-04 05:20:52.046] [rrc] [warning] Acceptable cell selection failed, no cell is in coverage
[2025-12-04 05:20:52.046] [rrc] [error] Cell selection failure, no suitable or acceptable cell found
[2025-12-04 05:21:05.729] [nas] [error] PLMN selection failure, no cells in coverage
[2025-12-04 05:21:22.058] [rrc] [warning] Acceptable cell selection failed, no cell is in coverage
[2025-12-04 05:21:22.058] [rrc] [error] Cell selection failure, no suitable or acceptable cell found
[2025-12-04 05:21:36.557] [nas] [error] PLMN selection failure, no cells in coverage
[2025-12-04 05:21:52.070] [rrc] [warning] Acceptable cell selection failed, no cell is in coverage
[2025-12-04 05:21:52.070] [rrc] [error] Cell selection failure, no suitable or acceptable cell found
[2025-12-04 05:22:07.385] [nas] [error] PLMN selection failure, no cells in coverage
[2025-12-04 05:22:22.082] [rrc] [warning] Acceptable cell selection failed, no cell is in coverage
[2025-12-04 05:22:22.082] [rrc] [error] Cell selection failure, no suitable or acceptable cell found
[2025-12-04 05:22:38.213] [nas] [error] PLMN selection failure, no cells in coverage
[2025-12-04 05:22:52.094] [rrc] [warning] Acceptable cell selection failed, no cell is in coverage
[2025-12-04 05:22:52.094] [rrc] [error] Cell selection failure, no suitable or acceptable cell found
[2025-12-04 05:23:09.041] [nas] [error] PLMN selection failure, no cells in coverage
[2025-12-04 05:23:22.106] [rrc] [warning] Acceptable cell selection failed, no cell is in coverage
[2025-12-04 05:23:22.106] [rrc] [error] Cell selection failure, no suitable or acceptable cell found
[2025-12-04 05:23:39.869] [nas] [error] PLMN selection failure, no cells in coverage
[2025-12-04 05:23:52.118] [rrc] [warning] Acceptable cell selection failed, no cell is in coverage
[2025-12-04 05:23:52.118] [rrc] [error] Cell selection failure, no suitable or acceptable cell found
[2025-12-04 05:24:10.697] [nas] [error] PLMN selection failure, no cells in coverage
[2025-12-04 05:24:22.130] [rrc] [warning] Acceptable cell selection failed, no cell is in coverage
[2025-12-04 05:24:22.130] [rrc] [error] Cell selection failure, no suitable or acceptable cell found
[2025-12-04 05:24:41.525] [nas] [error] PLMN selection failure, no cells in coverage
[2025-12-04 05:24:52.142] [rrc] [warning] Acceptable cell selection failed, no cell is in coverage
[2025-12-04 05:24:52.142] [rrc] [error] Cell selection failure, no suitable or acceptable cell found
[2025-12-04 05:25:12.353] [nas] [error] PLMN selection failure, no cells in coverage
[2025-12-04 05:25:22.154] [rrc] [warning] Acceptable cell selection failed, no cell is in coverage
[2025-12-04 05:25:22.154] [rrc] [error] Cell selection failure, no suitable or acceptable cell found
[2025-12-04 05:25:43.181] [nas] [error] PLMN selection failure, no cells in coverage
[2025-12-04 05:25:52.166] [rrc] [warning] Acceptable cell selection failed, no cell is in coverage
[2025-12-04 05:25:52.166] [rrc] [error] Cell selection failure, no suitable or acceptable cell found
[2025-12-04 05:26:14.009] [nas] [error] PLMN selection failure, no cells in coverage
[2025-12-04 05:26:22.178] [rrc] [warning] Acceptable cell selection failed, no cell is in coverage
[2025-12-04 05:26:22.178] [rrc] [error] Cell selection failure, no suitable or acceptable cell found
[2025-12-04 05:26:44.837] [nas] [error] PLMN selection failure, no cells in coverage
[2025-12-04 05:26:52.190] [rrc] [warning] Acceptable cell selection failed, no cell is in coverage
[2025-12-04 05:26:52.190] [rrc] [error] Cell selection failure, no suitable or acceptable cell found
[2025-12-04 05:27:15.665] [nas] [error] PLMN selection failure, no cells in coverage
[2025-12-04 05:27:22.202] [rrc] [warning] Acceptable cell selection failed, no cell is in coverage
[2025-12-04 05:27:22.202] [rrc] [error] Cell selection failure, no suitable or acceptable cell found
[2025-12-04 05:27:46.493] [nas] [error] PLMN selection failure, no cells in coverage
[2025-12-04 05:27:52.214] [rrc] [warning] Acceptable cell selection failed, no cell is in coverage
[2025-12-04 05:27:52.214] [rrc] [error] Cell selection failure, no suitable or acceptable cell found
[2025-12-04 05:28:17.321] [nas] [error] PLMN selection failure, no cells in coverage
[2025-12-04 05:28:22.226] [rrc] [warning] Acceptable cell selection failed, no cell is in coverage
[2025-12-04 05:28:22.226] [rrc] [error] Cell selection failure, no suitable or acceptable cell found
[2025-12-04 05:28:48.149] [nas] [error] PLMN selection failure, no cells in coverage
[2025-12-04 05:28:52.238] [rrc] [warning] Acceptable cell selection failed, no cell is in coverage
[2025-12-04 05:28:52.238] [rrc] [error] Cell selection failure, no suitable or acceptable cell found
[2025-12-04 05:29:18.977] [nas] [error] PLMN selection failure, no cells in coverage
[2025-12-04 05:29:22.250] [rrc] [warning] Acceptable cell selection failed, no cell is in coverage
[2025-12-04 05:29:22.250] [rrc] [error] Cell selection failure, no suitable or acceptable cell found
[2025-12-04 05:29:49.805] [nas] [error] PLMN selection failure, no cells in coverage
[2025-12-04 05:29:52.262] [rrc] [warning] Acceptable cell selection failed, no cell is in coverage
[2025-12-04 05:29:52.262] [rrc] [error] Cell selection failure, no suitable or acceptable cell found
[2025-12-04 05:30:20.633] [nas] [error] PLMN selection failure, no cells in coverage
[2025-12-04 05:30:22.274] [rrc] [warning] Acceptable cell selection failed, no cell is in coverage
[2025-12-04 05:30:22.274] [rrc] [error] Cell selection failure, no suitable or acceptable cell found
[2025-12-04 05:30:51.461] [nas] [error] PLMN selection failure, no cells in coverage
[2025-12-04 05:30:52.286] [rrc] [warning] Acceptable cell selection failed, no cell is in coverage
[2025-12-04 05:30:52.286] [rrc] [error] Cell selection failure, no suitable or acceptable cell found
[2025-12-04 05:31:22.289] [nas] [error] PLMN selection failure, no cells in coverage
[2025-12-04 05:31:22.298] [rrc] [warning] Acceptable cell selection failed, no cell is in coverage
[2025-12-04 05:31:22.298] [rrc] [error] Cell selection failure, no suitable or acceptable cell found
[2025-12-04 05:31:52.310] [rrc] [warning] Acceptable cell selection failed, no cell is in coverage
[2025-12-04 05:31:52.310] [rrc] [error] Cell selection failure, no suitable or acceptable cell found
[2025-12-04 05:31:53.117] [nas] [error] PLMN selection failure, no cells in coverage
[2025-12-04 05:32:22.322] [rrc] [warning] Acceptable cell selection failed, no cell is in coverage
[2025-12-04 05:32:22.322] [rrc] [error] Cell selection failure, no suitable or acceptable cell found
[2025-12-04 05:32:23.945] [nas] [error] PLMN selection failure, no cells in coverage
[2025-12-04 05:32:52.334] [rrc] [warning] Acceptable cell selection failed, no cell is in coverage
[2025-12-04 05:32:52.334] [rrc] [error] Cell selection failure, no suitable or acceptable cell found
[2025-12-04 05:32:54.773] [nas] [error] PLMN selection failure, no cells in coverage
[2025-12-04 05:33:22.346] [rrc] [warning] Acceptable cell selection failed, no cell is in coverage
[2025-12-04 05:33:22.346] [rrc] [error] Cell selection failure, no suitable or acceptable cell found
[2025-12-04 05:33:25.601] [nas] [error] PLMN selection failure, no cells in coverage
[2025-12-04 05:33:52.358] [rrc] [warning] Acceptable cell selection failed, no cell is in coverage
[2025-12-04 05:33:52.358] [rrc] [error] Cell selection failure, no suitable or acceptable cell found
[2025-12-04 05:33:56.429] [nas] [error] PLMN selection failure, no cells in coverage
[2025-12-04 05:34:22.370] [rrc] [warning] Acceptable cell selection failed, no cell is in coverage
[2025-12-04 05:34:22.370] [rrc] [error] Cell selection failure, no suitable or acceptable cell found
[2025-12-04 05:34:27.257] [nas] [error] PLMN selection failure, no cells in coverage
[2025-12-04 05:34:52.382] [rrc] [warning] Acceptable cell selection failed, no cell is in coverage
[2025-12-04 05:34:52.382] [rrc] [error] Cell selection failure, no suitable or acceptable cell found
[2025-12-04 05:34:58.085] [nas] [error] PLMN selection failure, no cells in coverage
[2025-12-04 05:35:22.394] [rrc] [warning] Acceptable cell selection failed, no cell is in coverage
[2025-12-04 05:35:22.394] [rrc] [error] Cell selection failure, no suitable or acceptable cell found
[2025-12-04 05:35:28.913] [nas] [error] PLMN selection failure, no cells in coverage
[2025-12-04 05:35:52.406] [rrc] [warning] Acceptable cell selection failed, no cell is in coverage
[2025-12-04 05:35:52.406] [rrc] [error] Cell selection failure, no suitable or acceptable cell found
[2025-12-04 05:35:59.741] [nas] [error] PLMN selection failure, no cells in coverage
[2025-12-04 05:36:22.418] [rrc] [warning] Acceptable cell selection failed, no cell is in coverage
[2025-12-04 05:36:22.418] [rrc] [error] Cell selection failure, no suitable or acceptable cell found
[2025-12-04 05:36:30.569] [nas] [error] PLMN selection failure, no cells in coverage
[2025-12-04 05:36:52.430] [rrc] [warning] Acceptable cell selection failed, no cell is in coverage
[2025-12-04 05:36:52.430] [rrc] [error] Cell selection failure, no suitable or acceptable cell found
[2025-12-04 05:37:01.397] [nas] [error] PLMN selection failure, no cells in coverage
[2025-12-04 05:37:22.442] [rrc] [warning] Acceptable cell selection failed, no cell is in coverage
[2025-12-04 05:37:22.442] [rrc] [error] Cell selection failure, no suitable or acceptable cell found
[2025-12-04 05:37:32.225] [nas] [error] PLMN selection failure, no cells in coverage
[2025-12-04 05:37:52.454] [rrc] [warning] Acceptable cell selection failed, no cell is in coverage
[2025-12-04 05:37:52.454] [rrc] [error] Cell selection failure, no suitable or acceptable cell found
[2025-12-04 05:38:03.053] [nas] [error] PLMN selection failure, no cells in coverage
[2025-12-04 05:38:22.466] [rrc] [warning] Acceptable cell selection failed, no cell is in coverage
[2025-12-04 05:38:22.466] [rrc] [error] Cell selection failure, no suitable or acceptable cell found
[2025-12-04 05:38:33.881] [nas] [error] PLMN selection failure, no cells in coverage
[2025-12-04 05:38:52.478] [rrc] [warning] Acceptable cell selection failed, no cell is in coverage
[2025-12-04 05:38:52.478] [rrc] [error] Cell selection failure, no suitable or acceptable cell found
[2025-12-04 05:39:04.709] [nas] [error] PLMN selection failure, no cells in coverage
[2025-12-04 05:39:22.490] [rrc] [warning] Acceptable cell selection failed, no cell is in coverage
[2025-12-04 05:39:22.490] [rrc] [error] Cell selection failure, no suitable or acceptable cell found
[2025-12-04 05:39:35.537] [nas] [error] PLMN selection failure, no cells in coverage
[2025-12-04 05:39:52.502] [rrc] [warning] Acceptable cell selection failed, no cell is in coverage
[2025-12-04 05:39:52.502] [rrc] [error] Cell selection failure, no suitable or acceptable cell found
[2025-12-04 05:40:06.365] [nas] [error] PLMN selection failure, no cells in coverage
[2025-12-04 05:40:22.514] [rrc] [warning] Acceptable cell selection failed, no cell is in coverage
[2025-12-04 05:40:22.514] [rrc] [error] Cell selection failure, no suitable or acceptable cell found
[2025-12-04 05:40:37.193] [nas] [error] PLMN selection failure, no cells in coverage
[2025-12-04 05:40:52.526] [rrc] [warning] Acceptable cell selection failed, no cell is in coverage
[2025-12-04 05:40:52.526] [rrc] [error] Cell selection failure, no suitable or acceptable cell found
[2025-12-04 05:41:08.021] [nas] [error] PLMN selection failure, no cells in coverage
[2025-12-04 05:41:22.538] [rrc] [warning] Acceptable cell selection failed, no cell is in coverage
[2025-12-04 05:41:22.538] [rrc] [error] Cell selection failure, no suitable or acceptable cell found
[2025-12-04 05:41:38.849] [nas] [error] PLMN selection failure, no cells in coverage
[2025-12-04 05:41:52.550] [rrc] [warning] Acceptable cell selection failed, no cell is in coverage
[2025-12-04 05:41:52.550] [rrc] [error] Cell selection failure, no suitable or acceptable cell found
[2025-12-04 05:42:09.677] [nas] [error] PLMN selection failure, no cells in coverage
[2025-12-04 05:42:22.562] [rrc] [warning] Acceptable cell selection failed, no cell is in coverage
[2025-12-04 05:42:22.562] [rrc] [error] Cell selection failure, no suitable or acceptable cell found
[2025-12-04 05:42:40.505] [nas] [error] PLMN selection failure, no cells in coverage
[2025-12-04 05:42:52.574] [rrc] [warning] Acceptable cell selection failed, no cell is in coverage
[2025-12-04 05:42:52.574] [rrc] [error] Cell selection failure, no suitable or acceptable cell found
[2025-12-04 05:43:11.333] [nas] [error] PLMN selection failure, no cells in coverage
[2025-12-04 05:43:22.586] [rrc] [warning] Acceptable cell selection failed, no cell is in coverage
[2025-12-04 05:43:22.586] [rrc] [error] Cell selection failure, no suitable or acceptable cell found
[2025-12-04 05:43:42.161] [nas] [error] PLMN selection failure, no cells in coverage
[2025-12-04 05:43:52.598] [rrc] [warning] Acceptable cell selection failed, no cell is in coverage
[2025-12-04 05:43:52.598] [rrc] [error] Cell selection failure, no suitable or acceptable cell found
[2025-12-04 05:44:12.989] [nas] [error] PLMN selection failure, no cells in coverage
[2025-12-04 05:44:22.610] [rrc] [warning] Acceptable cell selection failed, no cell is in coverage
[2025-12-04 05:44:22.610] [rrc] [error] Cell selection failure, no suitable or acceptable cell found
[2025-12-04 05:44:37.200] [rrc] [debug] New signal detected for cell[2], total [1] cells in coverage
[2025-12-04 05:44:37.201] [nas] [info] Selected plmn[208/93]
[2025-12-04 05:44:37.201] [rrc] [info] Selected cell plmn[208/93] tac[1] category[SUITABLE]
[2025-12-04 05:44:37.202] [nas] [info] UE switches to state [MM-REGISTERED/PS]
[2025-12-04 05:44:37.202] [nas] [info] UE switches to state [MM-REGISTERED/NORMAL-SERVICE]
[2025-12-04 05:45:07.207] [nas] [debug] Uplink data status changed PSI[1] pending[true]
[2025-12-04 05:45:07.208] [nas] [debug] Service request required due to [IDLE-UPLINK-DATA-PENDING]
[2025-12-04 05:45:07.208] [nas] [debug] UAC access attempt is allowed for identity[0], category[MO_data]
[2025-12-04 05:45:07.208] [nas] [debug] Sending Service Request due to [IDLE-UPLINK-DATA-PENDING]
[2025-12-04 05:45:07.209] [nas] [info] UE switches to state [MM-SERVICE-REQUEST-INITIATED]
[2025-12-04 05:45:07.209] [rrc] [debug] Sending RRC Setup Request
[2025-12-04 05:45:07.209] [rrc] [info] RRC connection established
[2025-12-04 05:45:07.210] [rrc] [info] UE switches to state [RRC-CONNECTED]
[2025-12-04 05:45:07.210] [nas] [info] UE switches to state [CM-CONNECTED]
[2025-12-04 05:45:08.232] [nas] [debug] Uplink data status changed PSI[1] pending[false]
[2025-12-04 05:45:22.423] [nas] [debug] NAS timer[3517] expired [1]
[2025-12-04 05:45:22.423] [nas] [info] UE switches to state [MM-REGISTERED/PS]
[2025-12-04 05:45:22.423] [nas] [info] UE switches to state [MM-REGISTERED/NORMAL-SERVICE]
